<?xml version="1.0" encoding="UTF-8"?>
<!-- Generated by org.testng.reporters.JUnitReportReporter -->
<testsuite hostname="LAPTOP-CFNFQMU8" failures="0" tests="1" name="com.avianca.test.BusquedaVueloTest" time="74.478" errors="0" timestamp="31 may. 2021 13:23:43 GMT" skipped="0">
  <testcase classname="com.avianca.test.BusquedaVueloTest" name="buscarVueloAvianca" time="74.478"/>
</testsuite> <!-- com.avianca.test.BusquedaVueloTest -->
